<?xml version="1.0" encoding="UTF-8"?>
<testsuite name="de.nischwan.control.commands.TestChangeEntryWeightCommand" tests="2" skipped="0" failures="0" errors="0" timestamp="2017-05-31T18:40:07" hostname="/0:0:0:0:0:0:0:1%lo" time="0.001">
  <properties/>
  <testcase name="executeChangeEntryWeight" classname="de.nischwan.control.commands.TestChangeEntryWeightCommand" time="0.0"/>
  <testcase name="undoChangeEntryWeight" classname="de.nischwan.control.commands.TestChangeEntryWeightCommand" time="0.0"/>
  <system-out><![CDATA[]]></system-out>
  <system-err><![CDATA[]]></system-err>
</testsuite>
